build/app/intermediates/manifest_merge_blame_file/release/manifest-merger-blame-release-report.txt
1<?xml version="1.0" encoding="utf-8"?>
2<manifest xmlns:android="http://schemas.android.com/apk/res/android"
3    package="com.eitpl.hrms"
4    android:versionCode="1"
5    android:versionName="1.0.0" >
6
7    <uses-sdk
8        android:minSdkVersion="21"
8-->src\main\AndroidManifest.xml
9        android:targetSdkVersion="33" />
9-->src\main\AndroidManifest.xml
10
11    <uses-permission android:name="android.permission.INTERNET" />
11-->src\main\AndroidManifest.xml:4:5-67
11-->src\main\AndroidManifest.xml:4:22-64
12    <uses-permission android:name="android.permission.WRITE_EXTERNAL_STORAGE" />
12-->src\main\AndroidManifest.xml:5:5-81
12-->src\main\AndroidManifest.xml:5:22-78
13    <uses-permission android:name="android.permission.ACCESS_FINE_LOCATION" />
13-->src\main\AndroidManifest.xml:6:5-79
13-->src\main\AndroidManifest.xml:6:22-76
14    <uses-permission android:name="android.permission.ACCESS_COARSE_LOCATION" />
14-->src\main\AndroidManifest.xml:7:5-81
14-->src\main\AndroidManifest.xml:7:22-78
15    <uses-permission android:name="android.permission.ACCESS_WIFI_STATE" />
15-->src\main\AndroidManifest.xml:8:5-76
15-->src\main\AndroidManifest.xml:8:22-73
16    <uses-permission android:name="android.permission.ACCESS_NETWORK_STATE" />
16-->src\main\AndroidManifest.xml:9:5-79
16-->src\main\AndroidManifest.xml:9:22-76
17    <uses-permission android:name="android.permission.READ_EXTERNAL_STORAGE" />
17-->src\main\AndroidManifest.xml:10:5-80
17-->src\main\AndroidManifest.xml:10:22-77
18    <uses-permission android:name="android.permission.WRITE_EXTERNAL_STORAGE" />
18-->src\main\AndroidManifest.xml:5:5-81
18-->src\main\AndroidManifest.xml:5:22-78
19    <!-- Provide required visibility configuration for API level 30 and above -->
20    <queries>
20-->src\main\AndroidManifest.xml:57:5-72:15
21
22        <!-- If your app checks for SMS support -->
23        <intent>
23-->src\main\AndroidManifest.xml:59:9-62:18
24            <action android:name="android.intent.action.VIEW" />
24-->src\main\AndroidManifest.xml:60:13-65
24-->src\main\AndroidManifest.xml:60:21-62
25
26            <data android:scheme="sms" />
26-->src\main\AndroidManifest.xml:61:13-42
26-->src\main\AndroidManifest.xml:61:19-39
27        </intent>
28        <!-- If your app checks for call support -->
29        <intent>
29-->src\main\AndroidManifest.xml:64:9-67:18
30            <action android:name="android.intent.action.VIEW" />
30-->src\main\AndroidManifest.xml:60:13-65
30-->src\main\AndroidManifest.xml:60:21-62
31
32            <data android:scheme="tel" />
32-->src\main\AndroidManifest.xml:61:13-42
32-->src\main\AndroidManifest.xml:61:19-39
33        </intent>
34        <!-- If your application checks for inAppBrowserView launch mode support -->
35        <intent>
35-->src\main\AndroidManifest.xml:69:9-71:18
36            <action android:name="android.support.customtabs.action.CustomTabsService" />
36-->src\main\AndroidManifest.xml:70:13-90
36-->src\main\AndroidManifest.xml:70:21-87
37        </intent>
38    </queries>
39
40    <permission
40-->[androidx.core:core:1.10.1] AndroidManifest.xml:22:5-24:47
41        android:name="com.eitpl.hrms.DYNAMIC_RECEIVER_NOT_EXPORTED_PERMISSION"
41-->[androidx.core:core:1.10.1] AndroidManifest.xml:23:9-81
42        android:protectionLevel="signature" />
42-->[androidx.core:core:1.10.1] AndroidManifest.xml:24:9-44
43
44    <uses-permission android:name="com.eitpl.hrms.DYNAMIC_RECEIVER_NOT_EXPORTED_PERMISSION" />
44-->[androidx.core:core:1.10.1] AndroidManifest.xml:26:5-97
44-->[androidx.core:core:1.10.1] AndroidManifest.xml:26:22-94
45    <!--
46<uses-permission android:name="android.permission.ACCESS_FINE_LOCATION" />
47    <uses-permission android:name="android.permission.READ_EXTERNAL_STORAGE" />
48    -->
49    <!--
50<uses-permission android:name="android.permission.ACCESS_COARSE_LOCATION" />
51    <uses-permission android:name="android.permission.ACCESS_FINE_LOCATION" />
52    <uses-permission android:name="android.permission.ACCESS_COARSE_LOCATION" />
53    <uses-feature android:name="android.hardware.location.gps"/>
54    <uses-permission android:name="android.permission.FOREGROUND_SERVICE" />
55    <uses-permission android:name="android.permission.ACCESS_BACKGROUND_LOCATION"/>
56    -->
57    <application
58        android:name="android.app.Application"
58-->src\main\AndroidManifest.xml:22:9-42
59        android:appComponentFactory="androidx.core.app.CoreComponentFactory"
59-->[androidx.core:core:1.10.1] AndroidManifest.xml:28:18-86
60        android:icon="@mipmap/ic_launcher"
60-->src\main\AndroidManifest.xml:23:9-43
61        android:label="EIT AttTrack" >
61-->src\main\AndroidManifest.xml:21:9-37
62        <activity
62-->src\main\AndroidManifest.xml:24:9-44:20
63            android:name="com.eitpl.hrms.MainActivity"
63-->src\main\AndroidManifest.xml:25:13-41
64            android:configChanges="orientation|keyboardHidden|keyboard|screenSize|smallestScreenSize|locale|layoutDirection|fontScale|screenLayout|density|uiMode"
64-->src\main\AndroidManifest.xml:29:13-163
65            android:exported="true"
65-->src\main\AndroidManifest.xml:26:13-36
66            android:hardwareAccelerated="true"
66-->src\main\AndroidManifest.xml:30:13-47
67            android:launchMode="singleTop"
67-->src\main\AndroidManifest.xml:27:13-43
68            android:theme="@style/LaunchTheme"
68-->src\main\AndroidManifest.xml:28:13-47
69            android:windowSoftInputMode="adjustResize" >
69-->src\main\AndroidManifest.xml:31:13-55
70
71            <!--
72                 Specifies an Android theme to apply to this Activity as soon as
73                 the Android process has started. This theme is visible to the user
74                 while the Flutter UI initializes. After that, this theme continues
75                 to determine the Window background behind the Flutter UI.
76            -->
77            <meta-data
77-->src\main\AndroidManifest.xml:36:13-39:17
78                android:name="io.flutter.embedding.android.NormalTheme"
78-->src\main\AndroidManifest.xml:37:15-70
79                android:resource="@style/NormalTheme" />
79-->src\main\AndroidManifest.xml:38:15-52
80
81            <intent-filter>
81-->src\main\AndroidManifest.xml:40:13-43:29
82                <action android:name="android.intent.action.MAIN" />
82-->src\main\AndroidManifest.xml:41:17-68
82-->src\main\AndroidManifest.xml:41:25-66
83
84                <category android:name="android.intent.category.LAUNCHER" />
84-->src\main\AndroidManifest.xml:42:17-76
84-->src\main\AndroidManifest.xml:42:27-74
85            </intent-filter>
86        </activity>
87
88        <!--
89             Don't delete the meta-data below.
90             This is used by the Flutter tool to generate GeneratedPluginRegistrant.java
91        -->
92        <meta-data
92-->src\main\AndroidManifest.xml:48:9-50:33
93            android:name="flutterEmbedding"
93-->src\main\AndroidManifest.xml:49:13-44
94            android:value="2" />
94-->src\main\AndroidManifest.xml:50:13-30
95        <meta-data
95-->src\main\AndroidManifest.xml:52:9-54:70
96            android:name="com.google.android.geo.API_KEY"
96-->src\main\AndroidManifest.xml:53:13-58
97            android:value="AIzaSyCU-8LgT4STMSjuU6nzITnbIoC4r3JJIEE" />
97-->src\main\AndroidManifest.xml:54:13-68
98
99        <service
99-->[:geolocator_android] AndroidManifest.xml:10:9-14:56
100            android:name="com.baseflow.geolocator.GeolocatorLocationService"
100-->[:geolocator_android] AndroidManifest.xml:11:13-77
101            android:enabled="true"
101-->[:geolocator_android] AndroidManifest.xml:12:13-35
102            android:exported="false"
102-->[:geolocator_android] AndroidManifest.xml:13:13-37
103            android:foregroundServiceType="location" />
103-->[:geolocator_android] AndroidManifest.xml:14:13-53
104
105        <provider
105-->[:image_picker_android] AndroidManifest.xml:10:9-18:20
106            android:name="io.flutter.plugins.imagepicker.ImagePickerFileProvider"
106-->[:image_picker_android] AndroidManifest.xml:11:13-82
107            android:authorities="com.eitpl.hrms.flutter.image_provider"
107-->[:image_picker_android] AndroidManifest.xml:12:13-74
108            android:exported="false"
108-->[:image_picker_android] AndroidManifest.xml:13:13-37
109            android:grantUriPermissions="true" >
109-->[:image_picker_android] AndroidManifest.xml:14:13-47
110            <meta-data
110-->[:image_picker_android] AndroidManifest.xml:15:13-17:75
111                android:name="android.support.FILE_PROVIDER_PATHS"
111-->[:image_picker_android] AndroidManifest.xml:16:17-67
112                android:resource="@xml/flutter_image_picker_file_paths" />
112-->[:image_picker_android] AndroidManifest.xml:17:17-72
113        </provider>
114
115        <activity
115-->[:url_launcher_android] AndroidManifest.xml:10:9-13:74
116            android:name="io.flutter.plugins.urllauncher.WebViewActivity"
116-->[:url_launcher_android] AndroidManifest.xml:11:13-74
117            android:exported="false"
117-->[:url_launcher_android] AndroidManifest.xml:12:13-37
118            android:theme="@android:style/Theme.NoTitleBar.Fullscreen" />
118-->[:url_launcher_android] AndroidManifest.xml:13:13-71
119        <activity
119-->[com.google.android.gms:play-services-base:18.1.0] AndroidManifest.xml:20:9-22:45
120            android:name="com.google.android.gms.common.api.GoogleApiActivity"
120-->[com.google.android.gms:play-services-base:18.1.0] AndroidManifest.xml:20:19-85
121            android:exported="false"
121-->[com.google.android.gms:play-services-base:18.1.0] AndroidManifest.xml:22:19-43
122            android:theme="@android:style/Theme.Translucent.NoTitleBar" />
122-->[com.google.android.gms:play-services-base:18.1.0] AndroidManifest.xml:21:19-78
123
124        <meta-data
124-->[com.google.android.gms:play-services-basement:18.1.0] AndroidManifest.xml:21:9-23:69
125            android:name="com.google.android.gms.version"
125-->[com.google.android.gms:play-services-basement:18.1.0] AndroidManifest.xml:22:13-58
126            android:value="@integer/google_play_services_version" />
126-->[com.google.android.gms:play-services-basement:18.1.0] AndroidManifest.xml:23:13-66
127
128        <uses-library
128-->[androidx.window:window:1.0.0-beta04] AndroidManifest.xml:25:9-27:40
129            android:name="androidx.window.extensions"
129-->[androidx.window:window:1.0.0-beta04] AndroidManifest.xml:26:13-54
130            android:required="false" />
130-->[androidx.window:window:1.0.0-beta04] AndroidManifest.xml:27:13-37
131        <uses-library
131-->[androidx.window:window:1.0.0-beta04] AndroidManifest.xml:28:9-30:40
132            android:name="androidx.window.sidecar"
132-->[androidx.window:window:1.0.0-beta04] AndroidManifest.xml:29:13-51
133            android:required="false" />
133-->[androidx.window:window:1.0.0-beta04] AndroidManifest.xml:30:13-37
134
135        <provider
135-->[androidx.profileinstaller:profileinstaller:1.3.0] AndroidManifest.xml:24:9-32:20
136            android:name="androidx.startup.InitializationProvider"
136-->[androidx.profileinstaller:profileinstaller:1.3.0] AndroidManifest.xml:25:13-67
137            android:authorities="com.eitpl.hrms.androidx-startup"
137-->[androidx.profileinstaller:profileinstaller:1.3.0] AndroidManifest.xml:26:13-68
138            android:exported="false" >
138-->[androidx.profileinstaller:profileinstaller:1.3.0] AndroidManifest.xml:27:13-37
139            <meta-data
139-->[androidx.profileinstaller:profileinstaller:1.3.0] AndroidManifest.xml:29:13-31:52
140                android:name="androidx.profileinstaller.ProfileInstallerInitializer"
140-->[androidx.profileinstaller:profileinstaller:1.3.0] AndroidManifest.xml:30:17-85
141                android:value="androidx.startup" />
141-->[androidx.profileinstaller:profileinstaller:1.3.0] AndroidManifest.xml:31:17-49
142        </provider>
143
144        <receiver
144-->[androidx.profileinstaller:profileinstaller:1.3.0] AndroidManifest.xml:34:9-52:20
145            android:name="androidx.profileinstaller.ProfileInstallReceiver"
145-->[androidx.profileinstaller:profileinstaller:1.3.0] AndroidManifest.xml:35:13-76
146            android:directBootAware="false"
146-->[androidx.profileinstaller:profileinstaller:1.3.0] AndroidManifest.xml:36:13-44
147            android:enabled="true"
147-->[androidx.profileinstaller:profileinstaller:1.3.0] AndroidManifest.xml:37:13-35
148            android:exported="true"
148-->[androidx.profileinstaller:profileinstaller:1.3.0] AndroidManifest.xml:38:13-36
149            android:permission="android.permission.DUMP" >
149-->[androidx.profileinstaller:profileinstaller:1.3.0] AndroidManifest.xml:39:13-57
150            <intent-filter>
150-->[androidx.profileinstaller:profileinstaller:1.3.0] AndroidManifest.xml:40:13-42:29
151                <action android:name="androidx.profileinstaller.action.INSTALL_PROFILE" />
151-->[androidx.profileinstaller:profileinstaller:1.3.0] AndroidManifest.xml:41:17-91
151-->[androidx.profileinstaller:profileinstaller:1.3.0] AndroidManifest.xml:41:25-88
152            </intent-filter>
153            <intent-filter>
153-->[androidx.profileinstaller:profileinstaller:1.3.0] AndroidManifest.xml:43:13-45:29
154                <action android:name="androidx.profileinstaller.action.SKIP_FILE" />
154-->[androidx.profileinstaller:profileinstaller:1.3.0] AndroidManifest.xml:44:17-85
154-->[androidx.profileinstaller:profileinstaller:1.3.0] AndroidManifest.xml:44:25-82
155            </intent-filter>
156            <intent-filter>
156-->[androidx.profileinstaller:profileinstaller:1.3.0] AndroidManifest.xml:46:13-48:29
157                <action android:name="androidx.profileinstaller.action.SAVE_PROFILE" />
157-->[androidx.profileinstaller:profileinstaller:1.3.0] AndroidManifest.xml:47:17-88
157-->[androidx.profileinstaller:profileinstaller:1.3.0] AndroidManifest.xml:47:25-85
158            </intent-filter>
159            <intent-filter>
159-->[androidx.profileinstaller:profileinstaller:1.3.0] AndroidManifest.xml:49:13-51:29
160                <action android:name="androidx.profileinstaller.action.BENCHMARK_OPERATION" />
160-->[androidx.profileinstaller:profileinstaller:1.3.0] AndroidManifest.xml:50:17-95
160-->[androidx.profileinstaller:profileinstaller:1.3.0] AndroidManifest.xml:50:25-92
161            </intent-filter>
162        </receiver>
163    </application>
164
165</manifest>